0 info it worked if it ends with ok
1 verbose cli [ '/usr/local/Cellar/node/5.9.1/bin/node',
1 verbose cli   '/usr/local/bin/npm',
1 verbose cli   'install' ]
2 info using npm@3.7.3
3 info using node@v5.9.1
4 silly loadCurrentTree Starting
5 silly install loadCurrentTree
6 silly install readLocalPackageData
7 silly install normalizeTree
8 silly loadCurrentTree Finishing
9 silly loadIdealTree Starting
10 silly install loadIdealTree
11 silly cloneCurrentTree Starting
12 silly install cloneCurrentTreeToIdealTree
13 silly cloneCurrentTree Finishing
14 silly loadShrinkwrap Starting
15 silly install loadShrinkwrap
16 silly loadShrinkwrap Finishing
17 silly loadAllDepsIntoIdealTree Starting
18 silly install loadAllDepsIntoIdealTree
19 silly fetchNamedPackageData author
20 silly mapToRegistry name author
21 silly mapToRegistry using default registry
22 silly mapToRegistry registry https://registry.npmjs.org/
23 silly mapToRegistry uri https://registry.npmjs.org/author
24 silly fetchNamedPackageData license
25 silly mapToRegistry name license
26 silly mapToRegistry using default registry
27 silly mapToRegistry registry https://registry.npmjs.org/
28 silly mapToRegistry uri https://registry.npmjs.org/license
29 verbose request uri https://registry.npmjs.org/author
30 verbose request no auth needed
31 info attempt registry request try #1 at 1:27:23 PM
32 verbose request id 2bd9c4e9b299f238
33 http request GET https://registry.npmjs.org/author
34 verbose request uri https://registry.npmjs.org/license
35 verbose request no auth needed
36 info attempt registry request try #1 at 1:27:23 PM
37 http request GET https://registry.npmjs.org/license
38 http 200 https://registry.npmjs.org/author
39 verbose headers { server: 'CouchDB/1.5.0 (Erlang OTP/R16B03)',
39 verbose headers   etag: '"6VF30KIM56EOLIMPX38UN98TL"',
39 verbose headers   'content-type': 'application/json',
39 verbose headers   'cache-control': 'max-age=300',
39 verbose headers   'content-length': '8324',
39 verbose headers   'accept-ranges': 'bytes',
39 verbose headers   date: 'Wed, 11 May 2016 17:27:23 GMT',
39 verbose headers   via: '1.1 varnish',
39 verbose headers   age: '0',
39 verbose headers   connection: 'keep-alive',
39 verbose headers   'x-served-by': 'cache-iad2123-IAD',
39 verbose headers   'x-cache': 'MISS',
39 verbose headers   'x-cache-hits': '0',
39 verbose headers   'x-timer': 'S1462987643.924940,VS0,VE24',
39 verbose headers   vary: 'Accept-Encoding' }
40 silly get cb [ 200,
40 silly get   { server: 'CouchDB/1.5.0 (Erlang OTP/R16B03)',
40 silly get     etag: '"6VF30KIM56EOLIMPX38UN98TL"',
40 silly get     'content-type': 'application/json',
40 silly get     'cache-control': 'max-age=300',
40 silly get     'content-length': '8324',
40 silly get     'accept-ranges': 'bytes',
40 silly get     date: 'Wed, 11 May 2016 17:27:23 GMT',
40 silly get     via: '1.1 varnish',
40 silly get     age: '0',
40 silly get     connection: 'keep-alive',
40 silly get     'x-served-by': 'cache-iad2123-IAD',
40 silly get     'x-cache': 'MISS',
40 silly get     'x-cache-hits': '0',
40 silly get     'x-timer': 'S1462987643.924940,VS0,VE24',
40 silly get     vary: 'Accept-Encoding' } ]
41 verbose get saving author to /Users/McAlister/.npm/registry.npmjs.org/author/.cache.json
42 verbose correctMkdir /Users/McAlister/.npm correctMkdir not in flight; initializing
43 silly resolveWithNewModule author@0.0.1 checking installable status
44 silly cache add args [ 'author@', null ]
45 verbose cache add spec author@
46 silly cache add parsed spec Result {
46 silly cache add   raw: 'author@',
46 silly cache add   scope: null,
46 silly cache add   name: 'author',
46 silly cache add   rawSpec: '',
46 silly cache add   spec: 'latest',
46 silly cache add   type: 'tag' }
47 silly addNamed author@latest
48 verbose addNamed "latest" is being treated as a dist-tag for author
49 info addNameTag [ 'author', 'latest' ]
50 silly mapToRegistry name author
51 silly mapToRegistry using default registry
52 silly mapToRegistry registry https://registry.npmjs.org/
53 silly mapToRegistry uri https://registry.npmjs.org/author
54 verbose addNameTag registry:https://registry.npmjs.org/author not in flight; fetching
55 verbose get https://registry.npmjs.org/author not expired, no request
56 silly addNameTag next cb for author with tag latest
57 silly addNamed author@0.0.1
58 verbose addNamed "0.0.1" is a plain semver version for author
59 silly mapToRegistry name author
60 silly mapToRegistry using default registry
61 silly mapToRegistry registry https://registry.npmjs.org/
62 silly mapToRegistry uri https://registry.npmjs.org/author
63 verbose addRemoteTarball https://registry.npmjs.org/author/-/author-0.0.1.tgz not in flight; adding
64 verbose addRemoteTarball [ 'https://registry.npmjs.org/author/-/author-0.0.1.tgz',
64 verbose addRemoteTarball   'b34391d3da7b0e043f00c1f073e3429d759fc3e3' ]
65 info retry fetch attempt 1 at 1:27:23 PM
66 info attempt registry request try #1 at 1:27:23 PM
67 http fetch GET https://registry.npmjs.org/author/-/author-0.0.1.tgz
68 http 200 https://registry.npmjs.org/license
69 verbose headers { server: 'CouchDB/1.5.0 (Erlang OTP/R16B03)',
69 verbose headers   etag: '"979FYK41X1YFUQPWV0PUTQGV8"',
69 verbose headers   'content-type': 'application/json',
69 verbose headers   'content-encoding': 'gzip',
69 verbose headers   'cache-control': 'max-age=300',
69 verbose headers   'content-length': '1486',
69 verbose headers   'accept-ranges': 'bytes',
69 verbose headers   date: 'Wed, 11 May 2016 17:27:24 GMT',
69 verbose headers   via: '1.1 varnish',
69 verbose headers   age: '0',
69 verbose headers   connection: 'keep-alive',
69 verbose headers   'x-served-by': 'cache-iad2139-IAD',
69 verbose headers   'x-cache': 'MISS',
69 verbose headers   'x-cache-hits': '0',
69 verbose headers   'x-timer': 'S1462987643.927519,VS0,VE105',
69 verbose headers   vary: 'Accept-Encoding' }
70 silly get cb [ 200,
70 silly get   { server: 'CouchDB/1.5.0 (Erlang OTP/R16B03)',
70 silly get     etag: '"979FYK41X1YFUQPWV0PUTQGV8"',
70 silly get     'content-type': 'application/json',
70 silly get     'content-encoding': 'gzip',
70 silly get     'cache-control': 'max-age=300',
70 silly get     'content-length': '1486',
70 silly get     'accept-ranges': 'bytes',
70 silly get     date: 'Wed, 11 May 2016 17:27:24 GMT',
70 silly get     via: '1.1 varnish',
70 silly get     age: '0',
70 silly get     connection: 'keep-alive',
70 silly get     'x-served-by': 'cache-iad2139-IAD',
70 silly get     'x-cache': 'MISS',
70 silly get     'x-cache-hits': '0',
70 silly get     'x-timer': 'S1462987643.927519,VS0,VE105',
70 silly get     vary: 'Accept-Encoding' } ]
71 verbose get saving license to /Users/McAlister/.npm/registry.npmjs.org/license/.cache.json
72 verbose correctMkdir /Users/McAlister/.npm correctMkdir not in flight; initializing
73 silly fetchPackageMetaData Error: No compatible version found: license@ISC
73 silly fetchPackageMetaData Valid install targets:
73 silly fetchPackageMetaData 0.0.3, 0.0.2, 0.0.1
73 silly fetchPackageMetaData
73 silly fetchPackageMetaData     at pickVersionFromRegistryDocument (/usr/local/lib/node_modules/npm/lib/fetch-package-metadata.js:156:16)
73 silly fetchPackageMetaData     at /usr/local/lib/node_modules/npm/node_modules/iferr/index.js:13:50
73 silly fetchPackageMetaData     at /usr/local/lib/node_modules/npm/lib/utils/pulse-till-done.js:19:8
73 silly fetchPackageMetaData     at saved (/usr/local/lib/node_modules/npm/lib/cache/caching-client.js:168:7)
73 silly fetchPackageMetaData     at /usr/local/lib/node_modules/npm/node_modules/graceful-fs/polyfills.js:210:7
73 silly fetchPackageMetaData     at FSReqWrap.oncomplete (fs.js:82:15)
73 silly fetchPackageMetaData  error for license@ISC [Error: No compatible version found: license@ISC
73 silly fetchPackageMetaData Valid install targets:
73 silly fetchPackageMetaData 0.0.3, 0.0.2, 0.0.1
73 silly fetchPackageMetaData ]
74 http fetch 200 https://registry.npmjs.org/author/-/author-0.0.1.tgz
75 silly fetchAndShaCheck shasum b34391d3da7b0e043f00c1f073e3429d759fc3e3
76 verbose addTmpTarball /var/folders/v3/_mpnylcj20x6_p9smqq4hwg40000gn/T/npm-54155-d1819fec/registry.npmjs.org/author/-/author-0.0.1.tgz not in flight; adding
77 verbose addTmpTarball already have metadata; skipping unpack for author@0.0.1
78 verbose correctMkdir /Users/McAlister/.npm correctMkdir not in flight; initializing
79 silly cache afterAdd author@0.0.1
80 verbose afterAdd /Users/McAlister/.npm/author/0.0.1/package/package.json not in flight; writing
81 verbose correctMkdir /Users/McAlister/.npm correctMkdir not in flight; initializing
82 verbose afterAdd /Users/McAlister/.npm/author/0.0.1/package/package.json written
83 silly rollbackFailedOptional Starting
84 silly rollbackFailedOptional Finishing
85 silly runTopLevelLifecycles Starting
86 silly runTopLevelLifecycles Finishing
87 silly install printInstalled
88 verbose stack Error: No compatible version found: license@ISC
88 verbose stack Valid install targets:
88 verbose stack 0.0.3, 0.0.2, 0.0.1
88 verbose stack
88 verbose stack     at pickVersionFromRegistryDocument (/usr/local/lib/node_modules/npm/lib/fetch-package-metadata.js:156:16)
88 verbose stack     at /usr/local/lib/node_modules/npm/node_modules/iferr/index.js:13:50
88 verbose stack     at /usr/local/lib/node_modules/npm/lib/utils/pulse-till-done.js:19:8
88 verbose stack     at saved (/usr/local/lib/node_modules/npm/lib/cache/caching-client.js:168:7)
88 verbose stack     at /usr/local/lib/node_modules/npm/node_modules/graceful-fs/polyfills.js:210:7
88 verbose stack     at FSReqWrap.oncomplete (fs.js:82:15)
89 verbose cwd /Users/McAlister/GA/wdi/Unsaved/mean/animal_shelter/animal_shelter
90 error Darwin 15.4.0
91 error argv "/usr/local/Cellar/node/5.9.1/bin/node" "/usr/local/bin/npm" "install"
92 error node v5.9.1
93 error npm  v3.7.3
94 error No compatible version found: license@ISC
94 error Valid install targets:
94 error 0.0.3, 0.0.2, 0.0.1
95 error If you need help, you may report this error at:
95 error     <https://github.com/npm/npm/issues>
96 verbose exit [ 1, true ]
